[0109/184303.090:ERROR:directory_reader_win.cc(43)] FindFirstFile: The system cannot find the path specified. (0x3)
[0111/102614.011:ERROR:scoped_process_suspend.cc(31)] NtSuspendProcess: An attempt was made to access an exiting process. (0xc000010a)
[0111/102614.012:ERROR:scoped_process_suspend.cc(31)] NtSuspendProcess: An attempt was made to access an exiting process. (0xc000010a)
[0111/102614.110:ERROR:process_reader_win.cc(123)] NtOpenThread: {Access Denied} A process has requested access to an object, but has not been granted those access rights. (0xc0000022)
[0111/102614.110:ERROR:process_reader_win.cc(123)] NtOpenThread: {Access Denied} A process has requested access to an object, but has not been granted those access rights. (0xc0000022)
[0111/102614.112:ERROR:process_reader_win.cc(123)] NtOpenThread: {Access Denied} A process has requested access to an object, but has not been granted those access rights. (0xc0000022)
[0111/102614.114:ERROR:process_reader_win.cc(123)] NtOpenThread: {Access Denied} A process has requested access to an object, but has not been granted those access rights. (0xc0000022)
[0111/102614.114:ERROR:process_reader_win.cc(123)] NtOpenThread: {Access Denied} A process has requested access to an object, but has not been granted those access rights. (0xc0000022)
[0111/102614.117:ERROR:process_reader_win.cc(123)] NtOpenThread: {Access Denied} A process has requested access to an object, but has not been granted those access rights. (0xc0000022)
[0111/102614.115:ERROR:process_memory_win.cc(73)] ReadMemory at 0x7ff8568b0eb0 of 12 bytes failed: Only part of a ReadProcessMemory or WriteProcessMemory request was completed. (0x12B)
[0111/102614.116:ERROR:exception_snapshot_win.cc(99)] thread ID 15528 not found in process
[0111/102614.116:ERROR:process_info.cc(118)] ReadProcessMemory bool __cdecl crashpad::(anonymous namespace)::ReadStruct(HANDLE, crashpad::WinVMAddress, T *) [T = crashpad::process_types::PEB<crashpad::process_types::internal::Traits64>]: Only part of a ReadProcessMemory or WriteProcessMemory request was completed. (0x12B)
[0111/102614.117:ERROR:exception_snapshot_win.cc(99)] thread ID 12524 not found in process
[0111/102614.117:ERROR:exception_snapshot_win.cc(99)] thread ID 12568 not found in process
[0111/102614.117:ERROR:exception_snapshot_win.cc(99)] thread ID 23096 not found in process
[0111/102614.117:ERROR:exception_snapshot_win.cc(99)] thread ID 19268 not found in process
[0111/102614.117:ERROR:process_info.cc(551)] ReadProcessData failed
[0111/102614.117:ERROR:exception_snapshot_win.cc(99)] thread ID 19644 not found in process
[0111/102614.122:ERROR:process_reader_win.cc(123)] NtOpenThread: {Access Denied} A process has requested access to an object, but has not been granted those access rights. (0xc0000022)
[0111/102614.122:ERROR:process_reader_win.cc(123)] NtOpenThread: {Access Denied} A process has requested access to an object, but has not been granted those access rights. (0xc0000022)
[0111/102614.123:ERROR:exception_snapshot_win.cc(99)] thread ID 8928 not found in process
[0111/102614.123:ERROR:exception_snapshot_win.cc(99)] thread ID 19840 not found in process
[0111/102614.123:ERROR:process_reader_win.cc(123)] NtOpenThread: {Access Denied} A process has requested access to an object, but has not been granted those access rights. (0xc0000022)
[0111/102614.123:ERROR:exception_snapshot_win.cc(99)] thread ID 7132 not found in process
[0111/102614.127:ERROR:process_reader_win.cc(123)] NtOpenThread: {Access Denied} A process has requested access to an object, but has not been granted those access rights. (0xc0000022)
[0111/102614.127:ERROR:exception_snapshot_win.cc(99)] thread ID 11968 not found in process
[0111/102614.129:ERROR:process_reader_win.cc(123)] NtOpenThread: {Access Denied} A process has requested access to an object, but has not been granted those access rights. (0xc0000022)
[0111/102614.129:ERROR:process_reader_win.cc(123)] NtOpenThread: {Access Denied} A process has requested access to an object, but has not been granted those access rights. (0xc0000022)
[0111/102614.130:ERROR:exception_snapshot_win.cc(99)] thread ID 19140 not found in process
[0111/102614.130:ERROR:exception_snapshot_win.cc(99)] thread ID 2808 not found in process
[0111/102614.117:WARNING:process_snapshot_win.cc(71)] ReadMemory ExceptionInformation failed
[0111/102614.114:ERROR:process_reader_win.cc(123)] NtOpenThread: {Access Denied} A process has requested access to an object, but has not been granted those access rights. (0xc0000022)
[0111/102614.130:ERROR:scoped_process_suspend.cc(40)] NtResumeProcess: An attempt was made to access an exiting process. (0xc000010a)
[0111/102614.130:ERROR:exception_snapshot_win.cc(99)] thread ID 19752 not found in process
[0111/102614.115:ERROR:process_memory_win.cc(73)] ReadMemory at 0x7ff8568b0eb0 of 12 bytes failed: Only part of a ReadProcessMemory or WriteProcessMemory request was completed. (0x12B)
[0111/102614.130:WARNING:process_snapshot_win.cc(71)] ReadMemory ExceptionInformation failed
[0111/102614.116:ERROR:process_info.cc(118)] ReadProcessMemory bool __cdecl crashpad::(anonymous namespace)::ReadStruct(HANDLE, crashpad::WinVMAddress, T *) [T = crashpad::process_types::PEB<crashpad::process_types::internal::Traits64>]: Only part of a ReadProcessMemory or WriteProcessMemory request was completed. (0x12B)
[0111/102614.130:ERROR:scoped_process_suspend.cc(40)] NtResumeProcess: An attempt was made to access an exiting process. (0xc000010a)
[0111/102614.130:ERROR:process_reader_win.cc(123)] NtOpenThread: {Access Denied} A process has requested access to an object, but has not been granted those access rights. (0xc0000022)
[0111/102614.131:ERROR:process_info.cc(551)] ReadProcessData failed
[0111/102614.131:ERROR:exception_snapshot_win.cc(99)] thread ID 6792 not found in process
[0111/102614.135:ERROR:process_reader_win.cc(123)] NtOpenThread: {Access Denied} A process has requested access to an object, but has not been granted those access rights. (0xc0000022)
[0111/102614.135:ERROR:exception_snapshot_win.cc(99)] thread ID 15880 not found in process
[0111/102614.137:ERROR:process_reader_win.cc(123)] NtOpenThread: {Access Denied} A process has requested access to an object, but has not been granted those access rights. (0xc0000022)
[0111/102614.137:ERROR:exception_snapshot_win.cc(99)] thread ID 19112 not found in process
